<?xml version="1.0" encoding="UTF-8"?>
<!-- Generated by org.testng.reporters.JUnitXMLReporter -->
<testsuite ignored="0" hostname="DESKTOP-KODO6Q6" failures="0" tests="8" name="Default test" time="19.618" errors="0" timestamp="2024-02-06T17:44:48 EET">
  <testcase classname="alMosafer.TestCases" name="CheckDefulteLanguage" time="0.215"/>
  <testcase classname="alMosafer.TestCases" name="CheckDefulteCurrencyIsSAR" time="0.051"/>
  <testcase classname="alMosafer.TestCases" name="CheckContactNumber" time="0.034"/>
  <testcase classname="alMosafer.TestCases" name="CheckQitafLogoIsDisplayed" time="0.06"/>
  <testcase classname="alMosafer.TestCases" name="CheckHotelsNotSelectedByDefault" time="0.052"/>
  <testcase classname="alMosafer.TestCases" name="ChickingDepatureDateAndReturnDate" time="0.125"/>
  <testcase classname="alMosafer.TestCases" name="CheckRandomMethodToChangeLanguage" time="2.417"/>
  <testcase classname="alMosafer.TestCases" name="clickOnHotelTab" time="0.677"/>
</testsuite> <!-- Default test -->
