<?xml version="1.0" encoding="UTF-8"?>
<!-- Generated by org.testng.reporters.JUnitXMLReporter -->
<testsuite ignored="0" hostname="DESKTOP-KODO6Q6" failures="0" tests="6" name="Default test" time="17.914" errors="0" timestamp="2024-02-05T14:49:24 EET">
  <testcase classname="alMosafer.TestCases" name="CheckDefulteLanguage" time="0.162"/>
  <testcase classname="alMosafer.TestCases" name="CheckDefulteCurrencyIsSAR" time="0.116"/>
  <testcase classname="alMosafer.TestCases" name="CheckContactNumber" time="0.078"/>
  <testcase classname="alMosafer.TestCases" name="CheckQitafLogoIsDisplayed" time="0.129"/>
  <testcase classname="alMosafer.TestCases" name="CheckHotelsNotSelectedByDefault" time="0.155"/>
  <testcase classname="alMosafer.TestCases" name="CheckRandomMethodToChangeLanguage" time="1.335"/>
</testsuite> <!-- Default test -->
