<?xml version="1.0" encoding="UTF-8"?>
<testng-results ignored="0" total="6" passed="6" failed="0" skipped="0">
  <reporter-output>
  </reporter-output>
  <suite started-at="2024-02-05T14:49:06 EET" name="Default suite" finished-at="2024-02-05T14:49:24 EET" duration-ms="17914">
    <groups>
    </groups>
    <test started-at="2024-02-05T14:49:06 EET" name="Default test" finished-at="2024-02-05T14:49:24 EET" duration-ms="17914">
      <class name="alMosafer.TestCases">
        <test-method is-config="true" signature="SetUp()[pri:0, instance:alMosafer.TestCases@6cbcf243]" started-at="2024-02-05T14:49:06 EET" name="SetUp" finished-at="2024-02-05T14:49:22 EET" duration-ms="15822" status="PASS">
          <reporter-output>
          </reporter-output>
        </test-method> <!-- SetUp -->
        <test-method signature="CheckDefulteLanguage()[pri:1, instance:alMosafer.TestCases@6cbcf243]" started-at="2024-02-05T14:49:22 EET" name="CheckDefulteLanguage" finished-at="2024-02-05T14:49:22 EET" duration-ms="162" status="PASS">
          <reporter-output>
          </reporter-output>
        </test-method> <!-- CheckDefulteLanguage -->
        <test-method signature="CheckDefulteCurrencyIsSAR()[pri:2, instance:alMosafer.TestCases@6cbcf243]" started-at="2024-02-05T14:49:22 EET" name="CheckDefulteCurrencyIsSAR" finished-at="2024-02-05T14:49:22 EET" duration-ms="116" status="PASS">
          <reporter-output>
          </reporter-output>
        </test-method> <!-- CheckDefulteCurrencyIsSAR -->
        <test-method signature="CheckContactNumber()[pri:3, instance:alMosafer.TestCases@6cbcf243]" started-at="2024-02-05T14:49:22 EET" name="CheckContactNumber" finished-at="2024-02-05T14:49:22 EET" duration-ms="78" status="PASS">
          <reporter-output>
          </reporter-output>
        </test-method> <!-- CheckContactNumber -->
        <test-method signature="CheckQitafLogoIsDisplayed()[pri:4, instance:alMosafer.TestCases@6cbcf243]" started-at="2024-02-05T14:49:22 EET" name="CheckQitafLogoIsDisplayed" finished-at="2024-02-05T14:49:22 EET" duration-ms="129" status="PASS">
          <reporter-output>
          </reporter-output>
        </test-method> <!-- CheckQitafLogoIsDisplayed -->
        <test-method signature="CheckHotelsNotSelectedByDefault()[pri:5, instance:alMosafer.TestCases@6cbcf243]" started-at="2024-02-05T14:49:22 EET" name="CheckHotelsNotSelectedByDefault" finished-at="2024-02-05T14:49:23 EET" duration-ms="155" status="PASS">
          <reporter-output>
          </reporter-output>
        </test-method> <!-- CheckHotelsNotSelectedByDefault -->
        <test-method signature="CheckRandomMethodToChangeLanguage()[pri:7, instance:alMosafer.TestCases@6cbcf243]" started-at="2024-02-05T14:49:23 EET" name="CheckRandomMethodToChangeLanguage" finished-at="2024-02-05T14:49:24 EET" duration-ms="1335" status="PASS">
          <reporter-output>
          </reporter-output>
        </test-method> <!-- CheckRandomMethodToChangeLanguage -->
        <test-method is-config="true" signature="cc()[pri:0, instance:alMosafer.TestCases@6cbcf243]" started-at="2024-02-05T14:49:24 EET" name="cc" finished-at="2024-02-05T14:49:24 EET" duration-ms="0" status="PASS">
          <reporter-output>
          </reporter-output>
        </test-method> <!-- cc -->
      </class> <!-- alMosafer.TestCases -->
    </test> <!-- Default test -->
  </suite> <!-- Default suite -->
</testng-results>
